TN:
SF:src/main.tsx
FNF:0
FNH:0
DA:8,19
DA:13,19
LF:2
LH:2
BRF:0
BRH:0
end_of_record
TN:
SF:src/reportWebVitals.ts
FN:4,reportWebVitals
FN:10,(anonymous_1)
FN:17,(anonymous_2)
FNF:3
FNH:1
FNDA:19,reportWebVitals
FNDA:0,(anonymous_1)
FNDA:0,(anonymous_2)
DA:5,19
DA:6,19
DA:9,0
DA:11,0
DA:12,0
DA:13,0
DA:14,0
DA:15,0
DA:17,0
LF:9
LH:2
BRDA:5,0,0,19
BRDA:5,0,1,0
BRF:2
BRH:1
end_of_record
TN:
SF:src/App/App.tsx
FN:14,Control
FN:15,(anonymous_1)
FN:16,(anonymous_2)
FN:27,App
FN:14,Control
FN:15,(anonymous_1)
FN:16,(anonymous_2)
FN:27,App
FNF:8
FNH:8
FNDA:37,Control
FNDA:63,(anonymous_1)
FNDA:23,(anonymous_2)
FNDA:37,App
FNDA:3,Control
FNDA:9,(anonymous_1)
FNDA:3,(anonymous_2)
FNDA:3,App
DA:1,1
DA:2,1
DA:3,1
DA:4,1
DA:14,1
DA:15,63
DA:16,37
DA:17,37
DA:27,1
DA:28,37
DA:29,37
LF:11
LH:11
BRF:0
BRH:0
end_of_record
TN:
SF:src/DipSwitch/DipSwitch.tsx
FN:14,Label
FN:33,DipSwitch
FN:42,(anonymous_2)
FN:14,Label
FN:33,DipSwitch
FN:42,(anonymous_2)
FNF:6
FNH:5
FNDA:117,Label
FNDA:117,DipSwitch
FNDA:6,(anonymous_2)
FNDA:9,Label
FNDA:9,DipSwitch
FNDA:0,(anonymous_2)
DA:1,1
DA:3,1
DA:14,1
DA:15,117
DA:16,117
DA:17,117
DA:18,117
DA:33,1
DA:34,117
DA:35,117
DA:36,117
DA:42,6
LF:12
LH:12
BRDA:17,0,0,6
BRDA:17,0,1,111
BRDA:17,1,0,0
BRDA:17,1,1,9
BRF:4
BRH:3
end_of_record
TN:
SF:src/DipSwitch/index.ts
FNF:0
FNH:0
DA:1,1
LF:1
LH:1
BRF:0
BRH:0
end_of_record
TN:
SF:src/DipSwitch/useDipSwitchStorage.ts
FN:11,(anonymous_0)
FN:15,loadDipSwitchStorage
FN:25,(anonymous_2)
FN:28,(anonymous_3)
FN:29,(anonymous_4)
FN:30,(anonymous_5)
FN:32,useDipSwitchStorage
FN:34,(anonymous_7)
FN:37,(anonymous_8)
FN:39,(anonymous_9)
FN:45,(anonymous_10)
FN:11,(anonymous_0)
FN:15,loadDipSwitchStorage
FN:25,(anonymous_2)
FN:28,(anonymous_3)
FN:29,(anonymous_4)
FN:30,(anonymous_5)
FN:32,useDipSwitchStorage
FN:34,(anonymous_7)
FN:37,(anonymous_8)
FN:39,(anonymous_9)
FN:45,(anonymous_10)
FNF:22
FNH:15
FNDA:63,(anonymous_0)
FNDA:57,loadDipSwitchStorage
FNDA:6,(anonymous_2)
FNDA:6,(anonymous_3)
FNDA:6,(anonymous_4)
FNDA:0,(anonymous_5)
FNDA:117,useDipSwitchStorage
FNDA:57,(anonymous_7)
FNDA:57,(anonymous_8)
FNDA:6,(anonymous_9)
FNDA:6,(anonymous_10)
FNDA:9,(anonymous_0)
FNDA:9,loadDipSwitchStorage
FNDA:0,(anonymous_2)
FNDA:0,(anonymous_3)
FNDA:0,(anonymous_4)
FNDA:0,(anonymous_5)
FNDA:9,useDipSwitchStorage
FNDA:9,(anonymous_7)
FNDA:9,(anonymous_8)
FNDA:0,(anonymous_9)
FNDA:0,(anonymous_10)
DA:1,1
DA:11,19
DA:12,63
DA:15,1
DA:16,57
DA:17,57
DA:18,57
DA:20,0
DA:21,0
DA:25,19
DA:26,6
DA:28,6
DA:29,6
DA:30,0
DA:32,1
DA:34,117
DA:37,117
DA:39,117
DA:40,6
DA:41,6
DA:42,6
DA:45,117
DA:47,117
LF:23
LH:20
BRDA:17,0,0,66
BRDA:17,0,1,57
BRDA:17,1,0,0
BRDA:17,1,1,9
BRF:4
BRH:3
end_of_record
TN:
SF:src/InfiniScroll/InfiniScroll.tsx
FN:11,Cell
FN:15,(anonymous_1)
FN:20,(anonymous_2)
FN:45,InfiniScroll
FN:53,(anonymous_4)
FN:59,(anonymous_5)
FN:11,Cell
FN:15,(anonymous_1)
FN:20,(anonymous_2)
FN:45,InfiniScroll
FN:53,(anonymous_4)
FN:59,(anonymous_5)
FNF:12
FNH:7
FNDA:149361,Cell
FNDA:8,(anonymous_1)
FNDA:8,(anonymous_2)
FNDA:873,InfiniScroll
FNDA:148488,(anonymous_4)
FNDA:0,(anonymous_5)
FNDA:6,Cell
FNDA:0,(anonymous_1)
FNDA:0,(anonymous_2)
FNDA:6,InfiniScroll
FNDA:0,(anonymous_4)
FNDA:0,(anonymous_5)
DA:1,1
DA:3,1
DA:11,1
DA:13,149361
DA:15,149361
DA:16,8
DA:17,8
DA:20,8
DA:25,149361
DA:27,149361
DA:29,149361
DA:30,17047
DA:33,149361
DA:45,1
DA:51,873
DA:53,873
DA:54,148488
DA:56,873
DA:59,0
LF:19
LH:18
BRDA:13,0,0,873
BRDA:16,1,0,8
BRDA:16,1,1,0
BRDA:29,2,0,17047
BRDA:29,2,1,132314
BRDA:13,3,0,6
BRDA:16,4,0,0
BRDA:29,5,0,0
BRF:8
BRH:5
end_of_record
TN:
SF:src/InfiniScroll/index.ts
FNF:0
FNH:0
DA:1,1
LF:1
LH:1
BRF:0
BRH:0
end_of_record
TN:
SF:src/InfiniScroll/useInfiniScroll.ts
FN:85,(anonymous_0)
FN:87,(anonymous_1)
FN:102,(anonymous_2)
FN:102,(anonymous_3)
FN:119,(anonymous_4)
FN:120,(anonymous_5)
FN:126,observeLoaderEffect
FN:134,(anonymous_7)
FN:137,loaderIntersectsViewport
FN:145,intersectionInterval
FN:146,(anonymous_10)
FN:147,(anonymous_11)
FN:150,useInfiniScrollLoader
FN:153,(anonymous_13)
FN:154,(anonymous_14)
FN:158,(anonymous_15)
FN:159,(anonymous_16)
FN:171,(anonymous_17)
FN:178,(anonymous_18)
FN:193,makeResizeHandler
FN:196,(anonymous_20)
FN:224,useInfiniScrollSize
FN:232,(anonymous_22)
FN:243,(anonymous_23)
FN:249,(anonymous_24)
FN:249,(anonymous_25)
FN:251,(anonymous_26)
FN:251,(anonymous_27)
FN:268,(anonymous_28)
FN:268,(anonymous_29)
FN:288,useInfiniScroll
FN:296,(anonymous_31)
FN:297,(anonymous_32)
FN:303,(anonymous_33)
FN:305,(anonymous_34)
FN:307,(anonymous_35)
FN:316,(anonymous_36)
FN:322,(anonymous_37)
FN:334,(anonymous_38)
FN:85,(anonymous_7)
FN:87,(anonymous_8)
FN:102,(anonymous_9)
FN:102,(anonymous_10)
FN:119,(anonymous_11)
FN:120,(anonymous_12)
FN:126,observeLoaderEffect
FN:134,(anonymous_14)
FN:137,loaderIntersectsViewport
FN:145,intersectionInterval
FN:146,(anonymous_17)
FN:147,(anonymous_18)
FN:150,useInfiniScrollLoader
FN:154,(anonymous_21)
FN:158,(anonymous_22)
FN:159,(anonymous_23)
FN:171,(anonymous_24)
FN:178,(anonymous_25)
FN:193,makeResizeHandler
FN:196,(anonymous_27)
FN:224,useInfiniScrollSize
FN:232,(anonymous_29)
FN:243,(anonymous_30)
FN:249,(anonymous_31)
FN:249,(anonymous_32)
FN:251,(anonymous_33)
FN:251,(anonymous_34)
FN:268,(anonymous_35)
FN:268,(anonymous_36)
FN:288,useInfiniScroll
FN:296,(anonymous_38)
FN:297,(anonymous_39)
FN:303,(anonymous_40)
FN:305,(anonymous_41)
FN:307,(anonymous_42)
FN:316,(anonymous_43)
FN:322,(anonymous_44)
FN:322,(anonymous_45)
FN:334,(anonymous_46)
FNF:78
FNH:55
FNDA:40,(anonymous_0)
FNDA:40,(anonymous_1)
FNDA:40,(anonymous_2)
FNDA:40,(anonymous_3)
FNDA:19,(anonymous_4)
FNDA:27,(anonymous_5)
FNDA:19,observeLoaderEffect
FNDA:0,(anonymous_7)
FNDA:78,loaderIntersectsViewport
FNDA:19,intersectionInterval
FNDA:78,(anonymous_10)
FNDA:0,(anonymous_11)
FNDA:873,useInfiniScrollLoader
FNDA:10,(anonymous_13)
FNDA:4,(anonymous_14)
FNDA:19,(anonymous_15)
FNDA:19,(anonymous_16)
FNDA:19,(anonymous_17)
FNDA:36,(anonymous_18)
FNDA:19,makeResizeHandler
FNDA:36,(anonymous_20)
FNDA:873,useInfiniScrollSize
FNDA:19,(anonymous_22)
FNDA:0,(anonymous_23)
FNDA:747,(anonymous_24)
FNDA:747,(anonymous_25)
FNDA:729,(anonymous_26)
FNDA:729,(anonymous_27)
FNDA:8,(anonymous_28)
FNDA:8,(anonymous_29)
FNDA:873,useInfiniScroll
FNDA:77,(anonymous_31)
FNDA:77,(anonymous_32)
FNDA:37,(anonymous_33)
FNDA:8,(anonymous_34)
FNDA:135,(anonymous_35)
FNDA:135,(anonymous_36)
FNDA:80,(anonymous_37)
FNDA:62,(anonymous_38)
FNDA:0,(anonymous_7)
FNDA:0,(anonymous_8)
FNDA:0,(anonymous_9)
FNDA:0,(anonymous_10)
FNDA:3,(anonymous_11)
FNDA:0,(anonymous_12)
FNDA:3,observeLoaderEffect
FNDA:3,(anonymous_14)
FNDA:0,loaderIntersectsViewport
FNDA:3,intersectionInterval
FNDA:0,(anonymous_17)
FNDA:3,(anonymous_18)
FNDA:6,useInfiniScrollLoader
FNDA:0,(anonymous_21)
FNDA:3,(anonymous_22)
FNDA:3,(anonymous_23)
FNDA:3,(anonymous_24)
FNDA:0,(anonymous_25)
FNDA:3,makeResizeHandler
FNDA:0,(anonymous_27)
FNDA:6,useInfiniScrollSize
FNDA:3,(anonymous_29)
FNDA:3,(anonymous_30)
FNDA:0,(anonymous_31)
FNDA:0,(anonymous_32)
FNDA:0,(anonymous_33)
FNDA:0,(anonymous_34)
FNDA:0,(anonymous_35)
FNDA:0,(anonymous_36)
FNDA:6,useInfiniScroll
FNDA:3,(anonymous_38)
FNDA:3,(anonymous_39)
FNDA:3,(anonymous_40)
FNDA:0,(anonymous_41)
FNDA:6,(anonymous_42)
FNDA:6,(anonymous_43)
FNDA:0,(anonymous_44)
FNDA:0,(anonymous_45)
FNDA:0,(anonymous_46)
DA:1,1
DA:11,1
DA:85,40
DA:87,19
DA:88,40
DA:89,40
DA:90,18
DA:93,22
DA:94,22
DA:95,22
DA:96,7982
DA:99,22
DA:102,40
DA:103,40
DA:104,40
DA:105,18
DA:106,18
DA:107,22
DA:108,0
DA:109,4
DA:110,4
DA:111,4
DA:114,40
DA:119,19
DA:120,19
DA:121,27
DA:122,5
DA:126,1
DA:127,19
DA:128,0
DA:129,0
DA:131,19
DA:132,19
DA:133,19
DA:134,19
DA:137,1
DA:138,78
DA:139,78
DA:140,78
DA:141,5
DA:142,5
DA:145,1
DA:146,78
DA:147,19
DA:150,1
DA:151,873
DA:152,873
DA:153,873
DA:154,10
DA:155,4
DA:158,873
DA:159,873
DA:161,873
DA:171,19
DA:178,19
DA:179,36
DA:180,36
DA:181,54
DA:182,36
DA:183,36
DA:186,54
DA:187,18
DA:188,18
DA:193,1
DA:195,19
DA:196,19
DA:198,36
DA:200,36
DA:201,36
DA:202,36
DA:203,36
DA:205,36
DA:206,36
DA:207,36
DA:210,36
DA:211,36
DA:212,36
DA:216,36
DA:217,36
DA:221,19
DA:224,1
DA:229,873
DA:230,873
DA:232,873
DA:234,19
DA:235,0
DA:236,0
DA:239,19
DA:240,19
DA:241,19
DA:242,19
DA:243,19
DA:246,873
DA:249,747
DA:251,729
DA:252,729
DA:254,729
DA:255,0
DA:258,729
DA:259,729
DA:264,729
DA:265,729
DA:268,19
DA:269,8
DA:271,8
DA:272,0
DA:275,8
DA:276,8
DA:281,8
DA:288,1
DA:290,873
DA:291,873
DA:292,873
DA:293,873
DA:295,873
DA:296,873
DA:297,77
DA:298,77
DA:300,873
DA:301,873
DA:303,873
DA:305,873
DA:307,873
DA:309,135
DA:310,76
DA:312,40
DA:313,40
DA:316,873
DA:317,135
DA:319,80
DA:320,80
DA:322,0
DA:323,80
DA:324,80
DA:325,747
DA:329,729
DA:334,80
DA:335,62
DA:339,873
LF:139
LH:131
BRDA:85,0,0,40
BRDA:85,0,1,18
BRDA:89,1,0,18
BRDA:89,1,1,22
BRDA:104,2,0,18
BRDA:104,2,1,22
BRDA:107,3,0,4
BRDA:107,3,1,18
BRDA:121,4,0,5
BRDA:121,4,1,22
BRDA:127,5,0,0
BRDA:127,5,1,19
BRDA:139,6,0,0
BRDA:139,6,1,78
BRDA:140,7,0,73
BRDA:140,7,1,5
BRDA:141,8,0,0
BRDA:141,8,1,5
BRDA:181,9,0,36
BRDA:181,9,1,18
BRDA:186,10,0,18
BRDA:186,10,1,36
BRDA:201,11,0,36
BRDA:201,11,1,0
BRDA:201,12,0,36
BRDA:201,12,1,36
BRDA:205,13,0,36
BRDA:205,13,1,0
BRDA:210,14,0,36
BRDA:210,14,1,0
BRDA:216,15,0,36
BRDA:216,15,1,0
BRDA:234,16,0,0
BRDA:234,16,1,19
BRDA:234,17,0,19
BRDA:234,17,1,19
BRDA:254,18,0,0
BRDA:254,18,1,729
BRDA:271,19,0,0
BRDA:271,19,1,8
BRDA:309,20,0,59
BRDA:309,20,1,76
BRDA:310,21,0,36
BRDA:310,21,1,40
BRDA:317,22,0,55
BRDA:317,22,1,80
BRDA:324,23,0,809
BRDA:324,23,1,747
BRDA:85,24,0,0
BRDA:85,24,1,0
BRDA:85,25,0,0
BRDA:85,25,1,0
BRDA:85,26,0,0
BRDA:85,26,1,0
BRDA:89,27,0,0
BRDA:104,28,0,0
BRDA:104,28,1,0
BRDA:108,29,0,0
BRDA:121,30,0,0
BRDA:127,31,0,0
BRDA:138,32,0,0
BRDA:138,32,1,0
BRDA:138,33,0,0
BRDA:138,33,1,0
BRDA:139,34,0,0
BRDA:140,35,0,0
BRDA:141,36,0,0
BRDA:181,37,0,0
BRDA:186,38,0,0
BRDA:201,39,0,0
BRDA:201,40,0,0
BRDA:201,40,1,0
BRDA:205,41,0,0
BRDA:210,42,0,0
BRDA:216,43,0,0
BRDA:234,44,0,0
BRDA:234,45,0,3
BRDA:234,45,1,3
BRDA:254,46,0,0
BRDA:271,47,0,0
BRDA:309,48,0,3
BRDA:310,49,0,3
BRDA:317,50,0,6
BRDA:324,51,0,0
BRDA:324,51,1,0
BRF:85
BRH:43
end_of_record
TN:
SF:src/Length/Length.tsx
FN:3,Length
FN:13,(anonymous_1)
FN:3,Length
FN:13,(anonymous_1)
FNF:4
FNH:3
FNDA:41,Length
FNDA:4,(anonymous_1)
FNDA:3,Length
FNDA:0,(anonymous_1)
DA:1,1
DA:3,1
DA:5,41
DA:7,41
DA:8,41
DA:10,41
DA:13,4
LF:7
LH:7
BRF:0
BRH:0
end_of_record
TN:
SF:src/Length/index.ts
FNF:0
FNH:0
DA:1,1
LF:1
LH:1
BRF:0
BRH:0
end_of_record
TN:
SF:src/Length/useLengthStorage.ts
FN:12,loadLengthStorage
FN:22,(anonymous_1)
FN:25,(anonymous_2)
FN:26,(anonymous_3)
FN:42,useLengthStorage
FN:47,(anonymous_5)
FN:49,(anonymous_6)
FN:55,(anonymous_7)
FN:12,loadLengthStorage
FN:22,(anonymous_1)
FN:25,(anonymous_2)
FN:26,(anonymous_3)
FN:42,useLengthStorage
FN:47,(anonymous_5)
FN:49,(anonymous_6)
FN:55,(anonymous_7)
FNF:16
FNH:10
FNDA:19,loadLengthStorage
FNDA:4,(anonymous_1)
FNDA:4,(anonymous_2)
FNDA:0,(anonymous_3)
FNDA:41,useLengthStorage
FNDA:19,(anonymous_5)
FNDA:4,(anonymous_6)
FNDA:4,(anonymous_7)
FNDA:3,loadLengthStorage
FNDA:0,(anonymous_1)
FNDA:0,(anonymous_2)
FNDA:0,(anonymous_3)
FNDA:3,useLengthStorage
FNDA:3,(anonymous_5)
FNDA:0,(anonymous_6)
FNDA:0,(anonymous_7)
DA:1,1
DA:9,19
DA:12,1
DA:13,19
DA:14,19
DA:15,19
DA:17,0
DA:18,0
DA:22,19
DA:23,4
DA:25,4
DA:26,0
DA:32,19
DA:42,1
DA:44,41
DA:47,41
DA:49,41
DA:50,4
DA:51,4
DA:52,4
DA:55,41
DA:57,41
LF:22
LH:19
BRDA:14,0,0,22
BRDA:14,0,1,19
BRDA:55,1,0,4
BRDA:55,1,1,0
BRDA:14,2,0,0
BRDA:14,2,1,3
BRDA:55,3,0,0
BRDA:55,3,1,0
BRF:8
BRH:4
end_of_record
TN:
SF:src/Password/Random.ts
FN:6,(anonymous_0)
FN:10,(anonymous_1)
FN:6,(anonymous_0)
FN:10,(anonymous_1)
FNF:4
FNH:2
FNDA:18,(anonymous_0)
FNDA:6156,(anonymous_1)
FNDA:0,(anonymous_0)
FNDA:0,(anonymous_1)
DA:1,2
DA:2,18
DA:3,18
DA:7,18
DA:11,6156
DA:12,18
DA:13,18
DA:15,6156
LF:8
LH:8
BRDA:11,0,0,18
BRDA:11,0,1,6138
BRDA:11,1,0,0
BRF:3
BRH:2
end_of_record
TN:
SF:src/Password/charset.ts
FN:27,(anonymous_0)
FN:30,(anonymous_1)
FN:27,(anonymous_0)
FN:30,(anonymous_1)
FNF:4
FNH:3
FNDA:54,(anonymous_0)
FNDA:18,(anonymous_1)
FNDA:0,(anonymous_0)
FNDA:1,(anonymous_1)
DA:3,19
DA:9,19
DA:15,19
DA:16,19
DA:17,19
DA:18,19
DA:20,19
DA:27,19
DA:28,54
DA:30,19
DA:31,18
LF:11
LH:11
BRDA:28,0,0,0
BRDA:28,0,1,54
BRDA:28,1,0,0
BRDA:28,1,1,0
BRF:4
BRH:1
end_of_record
TN:
SF:src/Password/index.ts
FNF:0
FNH:0
DA:1,2
DA:2,2
DA:3,2
DA:4,2
DA:5,2
DA:6,2
LF:6
LH:6
BRF:0
BRH:0
end_of_record
TN:
SF:src/Password/pwgenFactory.ts
FN:7,pwgenFactory
FN:10,(anonymous_1)
FN:29,(anonymous_2)
FN:7,pwgenFactory
FN:10,(anonymous_1)
FN:29,(anonymous_2)
FNF:6
FNH:3
FNDA:37,pwgenFactory
FNDA:0,(anonymous_1)
FNDA:747,(anonymous_2)
FNDA:3,pwgenFactory
FNDA:0,(anonymous_1)
FNDA:0,(anonymous_2)
DA:1,2
DA:2,2
DA:3,2
DA:7,2
DA:9,37
DA:10,19
DA:13,18
DA:14,0
DA:17,18
DA:19,18
DA:20,0
DA:23,18
DA:24,0
DA:27,18
DA:29,18
DA:30,747
LF:16
LH:13
BRDA:9,0,0,19
BRDA:9,0,1,18
BRDA:13,1,0,0
BRDA:13,1,1,18
BRDA:19,2,0,0
BRDA:19,2,1,18
BRDA:23,3,0,0
BRDA:23,3,1,18
BRDA:9,4,0,3
BRDA:13,5,0,0
BRDA:19,6,0,0
BRDA:23,7,0,0
BRDA:23,8,0,0
BRDA:23,8,1,0
BRDA:23,9,0,0
BRDA:23,9,1,0
BRF:16
BRH:6
end_of_record
TN:
SF:src/Password/pwgenImpl.ts
FN:9,pwgenImpl
FN:9,pwgenImpl
FNF:2
FNH:1
FNDA:747,pwgenImpl
FNDA:0,pwgenImpl
DA:9,2
DA:11,747
DA:12,747
DA:15,747
DA:19,5976
DA:20,6156
DA:23,5976
DA:24,5976
DA:27,747
LF:9
LH:9
BRF:0
BRH:0
end_of_record
TN:
SF:src/Password/useDebounce.ts
FN:9,useDebounce
FN:12,(anonymous_1)
FN:17,(anonymous_2)
FN:17,(anonymous_3)
FN:9,useDebounce
FN:12,(anonymous_1)
FN:17,(anonymous_2)
FN:17,(anonymous_3)
FNF:8
FNH:7
FNDA:910,useDebounce
FNDA:96,(anonymous_1)
FNDA:38,(anonymous_2)
FNDA:0,(anonymous_3)
FNDA:9,useDebounce
FNDA:12,(anonymous_1)
FNDA:6,(anonymous_2)
FNDA:6,(anonymous_3)
DA:1,2
DA:9,2
DA:10,910
DA:12,910
DA:13,96
DA:14,96
DA:17,910
DA:19,910
LF:8
LH:8
BRF:0
BRH:0
end_of_record
TN:
SF:src/Password/usePasswordGenerator.tsx
FN:16,(anonymous_0)
FN:27,(anonymous_1)
FN:33,usePasswordGenerator
FN:43,usePasswordContext
FN:49,(anonymous_4)
FN:51,(anonymous_5)
FN:16,(anonymous_0)
FN:27,(anonymous_1)
FN:33,usePasswordGenerator
FN:43,usePasswordContext
FN:49,(anonymous_4)
FN:51,(anonymous_5)
FNF:12
FNH:10
FNDA:86,(anonymous_0)
FNDA:18,(anonymous_1)
FNDA:37,usePasswordGenerator
FNDA:37,usePasswordContext
FNDA:86,(anonymous_4)
FNDA:18,(anonymous_5)
FNDA:12,(anonymous_0)
FNDA:0,(anonymous_1)
FNDA:3,usePasswordGenerator
FNDA:3,usePasswordContext
FNDA:12,(anonymous_4)
FNDA:0,(anonymous_5)
DA:1,2
DA:3,2
DA:7,2
DA:14,2
DA:16,19
DA:19,86
DA:27,19
DA:28,18
DA:29,18
DA:30,18
DA:33,2
DA:34,37
DA:35,37
DA:43,2
DA:44,37
DA:45,37
DA:46,37
DA:47,37
DA:49,37
DA:50,86
DA:51,86
DA:52,18
DA:53,18
DA:58,37
LF:24
LH:24
BRDA:24,0,0,98
BRDA:24,0,1,75
BRDA:24,0,2,0
BRDA:52,1,0,18
BRDA:52,1,1,0
BRDA:21,2,0,0
BRDA:21,2,1,12
BRDA:21,3,0,12
BRDA:21,3,1,12
BRDA:22,4,0,0
BRDA:22,4,1,12
BRDA:22,5,0,12
BRDA:22,5,1,12
BRDA:24,6,0,12
BRDA:24,6,1,0
BRDA:24,7,0,12
BRDA:24,7,1,12
BRDA:24,8,0,3
BRDA:24,8,1,9
BRDA:24,9,0,0
BRDA:24,9,1,12
BRDA:24,10,0,12
BRDA:24,10,1,12
BRDA:24,11,0,0
BRDA:24,11,1,9
BRDA:24,12,0,9
BRDA:24,12,1,9
BRDA:52,13,0,0
BRF:28
BRH:20
end_of_record
