TN:
SF:src/reportWebVitals.ts
FN:14,(anonymous_90)
FNF:1
FNH:0
FNDA:0,(anonymous_90)
DA:10,0
DA:17,0
LF:2
LH:0
BRDA:5,0,0,0
BRF:1
BRH:0
end_of_record
TN:
SF:src/App/App.tsx
FN:15,(anonymous_82)
FN:16,(anonymous_83)
FN:22,$
FNF:3
FNH:3
FNDA:48,(anonymous_82)
FNDA:20,(anonymous_83)
FNDA:12,$
DA:15,48
DA:16,20
DA:28,12
LF:3
LH:3
BRF:0
BRH:0
end_of_record
TN:
SF:src/DipSwitch/DipSwitch.tsx
FN:27,S
FN:42,(anonymous_37)
FNF:2
FNH:2
FNDA:48,S
FNDA:12,(anonymous_37)
DA:15,48
DA:16,48
DA:17,48
DA:34,48
DA:35,48
DA:42,12
LF:6
LH:6
BRDA:17,0,0,12
BRDA:17,0,1,36
BRF:2
BRH:2
end_of_record
TN:
SF:src/DipSwitch/useDipSwitchStorage.ts
FN:11,(anonymous_24)
FN:12,b
FN:34,(anonymous_26)
FN:37,(anonymous_28)
FN:39,(anonymous_29)
FN:25,(anonymous_30)
FN:28,(anonymous_31)
FN:29,(anonymous_32)
FN:30,(anonymous_33)
FN:45,(anonymous_34)
FNF:10
FNH:9
FNDA:48,(anonymous_24)
FNDA:48,b
FNDA:72,(anonymous_26)
FNDA:36,(anonymous_28)
FNDA:12,(anonymous_29)
FNDA:12,(anonymous_30)
FNDA:12,(anonymous_31)
FNDA:12,(anonymous_32)
FNDA:0,(anonymous_33)
FNDA:12,(anonymous_34)
DA:11,12
DA:12,48
DA:15,36
DA:17,36
DA:19,0
DA:26,12
DA:28,12
DA:29,12
DA:34,48
DA:37,36
DA:39,60
DA:42,48
DA:45,12
LF:13
LH:12
BRDA:17,0,0,0
BRDA:17,0,1,36
BRF:2
BRH:1
end_of_record
TN:
SF:src/InfiniScroll/InfiniScroll.tsx
FN:15,(anonymous_67)
FN:20,(anonymous_68)
FN:40,C
FN:59,(anonymous_70)
FN:53,(anonymous_71)
FNF:5
FNH:1
FNDA:0,(anonymous_67)
FNDA:0,(anonymous_68)
FNDA:40,C
FNDA:0,(anonymous_70)
FNDA:0,(anonymous_71)
DA:13,40
DA:15,40
DA:16,0
DA:20,0
DA:25,40
DA:27,40
DA:51,40
DA:53,0
LF:8
LH:5
BRDA:13,0,0,40
BRDA:16,1,0,0
BRDA:16,1,1,0
BRDA:29,2,0,40
BRDA:29,2,1,0
BRF:5
BRH:2
end_of_record
TN:
SF:src/InfiniScroll/useInfiniScroll.ts
FN:84,(anonymous_38)
FN:101,(anonymous_40)
FN:86,(anonymous_41)
FN:123,k
FN:220,(anonymous_43)
FN:227,(anonymous_44)
FN:184,(anonymous_45)
FN:166,(anonymous_46)
FN:231,(anonymous_47)
FN:239,(anonymous_49)
FN:253,R
FN:284,(anonymous_51)
FN:285,(anonymous_52)
FN:288,(anonymous_53)
FN:129,(anonymous_54)
FN:136,(anonymous_55)
FN:145,(anonymous_56)
FN:291,(anonymous_57)
FN:293,(anonymous_58)
FN:256,(anonymous_60)
FN:295,(anonymous_61)
FN:320,(anonymous_62)
FN:329,(anonymous_63)
FN:237,(anonymous_64)
FN:339,(anonymous_65)
FNF:25
FNH:14
FNDA:0,(anonymous_38)
FNDA:0,(anonymous_40)
FNDA:0,(anonymous_41)
FNDA:40,k
FNDA:12,(anonymous_43)
FNDA:12,(anonymous_44)
FNDA:8,(anonymous_45)
FNDA:8,(anonymous_46)
FNDA:0,(anonymous_47)
FNDA:0,(anonymous_49)
FNDA:40,R
FNDA:28,(anonymous_51)
FNDA:28,(anonymous_52)
FNDA:40,(anonymous_53)
FNDA:12,(anonymous_54)
FNDA:8,(anonymous_55)
FNDA:0,(anonymous_56)
FNDA:12,(anonymous_57)
FNDA:0,(anonymous_58)
FNDA:0,(anonymous_60)
FNDA:40,(anonymous_61)
FNDA:40,(anonymous_62)
FNDA:0,(anonymous_63)
FNDA:0,(anonymous_64)
FNDA:0,(anonymous_65)
DA:84,12
DA:87,0
DA:88,0
DA:92,0
DA:94,0
DA:95,0
DA:101,12
DA:111,0
DA:113,0
DA:116,0
DA:118,0
DA:120,0
DA:127,40
DA:129,12
DA:131,0
DA:137,8
DA:138,12
DA:142,12
DA:145,0
DA:163,12
DA:166,8
DA:167,8
DA:169,16
DA:183,12
DA:188,8
DA:190,8
DA:191,8
DA:193,8
DA:204,8
DA:217,40
DA:218,40
DA:220,12
DA:222,0
DA:227,12
DA:228,12
DA:231,0
DA:237,0
DA:239,12
DA:240,0
DA:242,0
DA:246,0
DA:256,0
DA:257,0
DA:259,0
DA:263,0
DA:278,40
DA:279,40
DA:280,40
DA:281,40
DA:283,40
DA:284,40
DA:285,28
DA:288,40
DA:289,40
DA:291,12
DA:293,40
DA:297,40
DA:321,40
DA:323,0
DA:330,0
DA:332,0
DA:339,0
LF:62
LH:36
BRDA:84,0,0,0
BRDA:84,0,1,0
BRDA:84,1,0,0
BRDA:84,1,1,0
BRDA:111,2,0,0
BRDA:111,2,1,0
BRDA:116,3,0,0
BRDA:116,3,1,0
BRDA:87,4,0,0
BRDA:87,4,1,0
BRDA:220,5,0,0
BRDA:220,5,1,12
BRDA:220,6,0,12
BRDA:220,6,1,12
BRDA:169,7,0,16
BRDA:169,7,1,8
BRDA:174,8,0,16
BRDA:174,8,1,8
BRDA:188,9,0,8
BRDA:188,9,1,0
BRDA:189,10,0,8
BRDA:189,10,1,8
BRDA:193,11,0,8
BRDA:193,11,1,8
BRDA:198,12,0,8
BRDA:198,12,1,8
BRDA:204,13,0,8
BRDA:204,13,1,8
BRDA:240,14,0,0
BRDA:240,14,1,0
BRDA:129,15,0,0
BRDA:129,15,1,12
BRDA:137,16,0,8
BRDA:137,16,1,8
BRDA:257,17,0,0
BRDA:257,17,1,0
BRDA:297,18,0,40
BRDA:297,18,1,28
BRDA:297,18,2,0
BRDA:321,19,0,0
BRDA:321,19,1,40
BRDA:331,20,0,0
BRDA:331,20,1,0
BRF:43
BRH:22
end_of_record
TN:
SF:src/Length/Length.tsx
FN:13,(anonymous_80)
FNF:1
FNH:1
FNDA:8,(anonymous_80)
DA:5,20
DA:13,8
LF:2
LH:2
BRF:0
BRH:0
end_of_record
TN:
SF:src/Length/useLengthStorage.ts
FN:37,F
FN:47,(anonymous_74)
FN:49,(anonymous_75)
FN:25,(anonymous_76)
FN:26,(anonymous_77)
FN:55,(anonymous_78)
FNF:6
FNH:5
FNDA:20,F
FNDA:12,(anonymous_74)
FNDA:8,(anonymous_75)
FNDA:8,(anonymous_76)
FNDA:0,(anonymous_77)
FNDA:8,(anonymous_78)
DA:14,12
DA:16,0
DA:22,8
DA:25,8
DA:26,20
DA:32,12
DA:44,20
DA:47,12
DA:49,20
DA:55,8
LF:10
LH:9
BRDA:14,0,0,0
BRDA:14,0,1,12
BRDA:55,1,0,8
BRDA:55,1,1,0
BRF:4
BRH:2
end_of_record
TN:
SF:src/Password/Random.ts
FN:6,(anonymous_10)
FN:10,(anonymous_11)
FNF:2
FNH:0
FNDA:0,(anonymous_10)
FNDA:0,(anonymous_11)
DA:6,0
DA:10,0
LF:2
LH:0
BRDA:11,0,0,0
BRDA:11,0,1,0
BRF:2
BRH:0
end_of_record
TN:
SF:src/Password/charset.ts
FN:27,(anonymous_8)
FN:30,(anonymous_14)
FNF:2
FNH:0
FNDA:0,(anonymous_8)
FNDA:0,(anonymous_14)
DA:3,12
DA:9,12
DA:20,12
DA:27,12
DA:28,0
DA:31,0
LF:6
LH:4
BRDA:28,0,0,0
BRDA:28,0,1,0
BRF:2
BRH:0
end_of_record
TN:
SF:src/Password/pwgenFactory.ts
FN:10,(anonymous_13)
FN:29,(anonymous_15)
FNF:2
FNH:0
FNDA:0,(anonymous_13)
FNDA:0,(anonymous_15)
DA:7,12
DA:9,12
DA:10,0
DA:13,0
DA:17,0
DA:19,0
DA:20,0
DA:23,0
DA:27,0
DA:30,0
LF:10
LH:2
BRDA:7,0,0,12
BRDA:7,0,1,0
BRDA:10,1,0,0
BRDA:10,1,1,0
BRDA:17,2,0,0
BRDA:17,2,1,0
BRDA:20,3,0,0
BRDA:20,3,1,0
BRDA:23,4,0,0
BRDA:23,4,1,0
BRF:10
BRH:1
end_of_record
TN:
SF:src/Password/pwgenImpl.ts
FNF:0
FNH:0
DA:11,0
DA:12,0
DA:15,0
DA:16,0
DA:21,0
DA:24,0
LF:6
LH:0
BRF:0
BRH:0
end_of_record
TN:
SF:src/Password/useDebounce.ts
FN:12,(anonymous_18)
FN:17,(anonymous_19)
FN:17,(anonymous_20)
FNF:3
FNH:2
FNDA:68,(anonymous_18)
FNDA:12,(anonymous_19)
FNDA:0,(anonymous_20)
DA:10,12
DA:12,68
DA:15,12
DA:17,12
LF:4
LH:4
BRF:0
BRH:0
end_of_record
TN:
SF:src/Password/usePasswordGenerator.tsx
FN:47,(anonymous_21)
FN:49,(anonymous_22)
FN:51,(anonymous_23)
FNF:3
FNH:2
FNDA:12,(anonymous_21)
FNDA:68,(anonymous_22)
FNDA:0,(anonymous_23)
DA:18,68
DA:27,0
DA:33,12
DA:44,12
DA:45,12
DA:46,12
DA:47,12
LF:7
LH:6
BRDA:20,0,0,0
BRDA:20,0,1,68
BRDA:21,1,0,0
BRDA:21,1,1,68
BRDA:24,2,0,68
BRDA:24,2,1,0
BRDA:24,3,0,20
BRDA:24,3,1,48
BRDA:24,4,0,0
BRDA:24,4,1,68
BRDA:24,5,0,0
BRDA:24,5,1,48
BRDA:28,6,0,0
BRDA:28,6,1,0
BRF:14
BRH:7
end_of_record
